{
  "stats": {
    "suites": 1,
    "tests": 6,
    "passes": 6,
    "pending": 0,
    "failures": 0,
    "testsRegistered": 6,
    "passPercent": 100,
    "pendingPercent": 0,
    "other": 0,
    "hasOther": false,
    "skipped": 0,
    "hasSkipped": false,
    "start": "2024-10-17T07:00:31.892Z",
    "end": "2024-10-17T07:00:41.194Z",
    "duration": 9302
  },
  "results": [
    {
      "uuid": "d8b2a0cb-cd0f-483d-8daa-676053a82dc3",
      "title": "",
      "fullFile": "cypress\\e2e\\1-getting-started\\todo.cy.js",
      "file": "cypress\\e2e\\1-getting-started\\todo.cy.js",
      "beforeHooks": [],
      "afterHooks": [],
      "tests": [],
      "suites": [
        {
          "uuid": "15c7bc27-8077-47df-9ea3-f80dabc56137",
          "title": "example to-do app",
          "fullFile": "cypress\\e2e\\1-getting-started\\todo.cy.js",
          "file": "cypress\\e2e\\1-getting-started\\todo.cy.js",
          "beforeHooks": [],
          "afterHooks": [],
          "tests": [
            {
              "title": "displays two todo items by default",
              "fullTitle": "example to-do app displays two todo items by default",
              "timedOut": null,
              "duration": 1891,
              "state": "passed",
              "speed": "fast",
              "pass": true,
              "fail": false,
              "pending": false,
              "context": null,
              "code": "cy.get('.todo-list li').should('have.length', 2);\ncy.get('.todo-list li').first().should('have.text', 'Pay electric bill');\ncy.get('.todo-list li').last().should('have.text', 'Walk the dog');",
              "err": {},
              "uuid": "49d7e7f8-59de-4e9e-bdf7-5fbab627f2a6",
              "parentUUID": "15c7bc27-8077-47df-9ea3-f80dabc56137",
              "isHook": false,
              "skipped": false
            },
            {
              "title": "can add new todo items",
              "fullTitle": "example to-do app can add new todo items",
              "timedOut": null,
              "duration": 1021,
              "state": "passed",
              "speed": "fast",
              "pass": true,
              "fail": false,
              "pending": false,
              "context": null,
              "code": "const newItem = 'Feed the cat';\ncy.get('[data-test=new-todo]').type(`${newItem}{enter}`);\ncy.get('.todo-list li').should('have.length', 3).last().should('have.text', newItem);",
              "err": {},
              "uuid": "5e479c7a-c4fd-4cd2-994f-9a66cf3ed27e",
              "parentUUID": "15c7bc27-8077-47df-9ea3-f80dabc56137",
              "isHook": false,
              "skipped": false
            },
            {
              "title": "can check off an item as completed",
              "fullTitle": "example to-do app can check off an item as completed",
              "timedOut": null,
              "duration": 555,
              "state": "passed",
              "speed": "fast",
              "pass": true,
              "fail": false,
              "pending": false,
              "context": null,
              "code": "cy.contains('Pay electric bill').parent().find('input[type=checkbox]').check();\ncy.contains('Pay electric bill').parents('li').should('have.class', 'completed');",
              "err": {},
              "uuid": "cef24edb-dce9-4b1f-8168-55bef36143b8",
              "parentUUID": "15c7bc27-8077-47df-9ea3-f80dabc56137",
              "isHook": false,
              "skipped": false
            }
          ],
          "suites": [
            {
              "uuid": "46807ad7-99b7-4660-8aca-c36e7b3ec6d0",
              "title": "with a checked task",
              "fullFile": "",
              "file": "",
              "beforeHooks": [],
              "afterHooks": [],
              "tests": [
                {
                  "title": "can filter for uncompleted tasks",
                  "fullTitle": "example to-do app with a checked task can filter for uncompleted tasks",
                  "timedOut": null,
                  "duration": 690,
                  "state": "passed",
                  "speed": "fast",
                  "pass": true,
                  "fail": false,
                  "pending": false,
                  "context": null,
                  "code": "cy.contains('Active').click();\ncy.get('.todo-list li').should('have.length', 1).first().should('have.text', 'Walk the dog');\ncy.contains('Pay electric bill').should('not.exist');",
                  "err": {},
                  "uuid": "bfd6f294-3fcb-451a-abd4-677166c55393",
                  "parentUUID": "46807ad7-99b7-4660-8aca-c36e7b3ec6d0",
                  "isHook": false,
                  "skipped": false
                },
                {
                  "title": "can filter for completed tasks",
                  "fullTitle": "example to-do app with a checked task can filter for completed tasks",
                  "timedOut": null,
                  "duration": 752,
                  "state": "passed",
                  "speed": "fast",
                  "pass": true,
                  "fail": false,
                  "pending": false,
                  "context": null,
                  "code": "cy.contains('Completed').click();\ncy.get('.todo-list li').should('have.length', 1).first().should('have.text', 'Pay electric bill');\ncy.contains('Walk the dog').should('not.exist');",
                  "err": {},
                  "uuid": "6b8f2784-8015-4222-a0e1-2bce477b7cd4",
                  "parentUUID": "46807ad7-99b7-4660-8aca-c36e7b3ec6d0",
                  "isHook": false,
                  "skipped": false
                },
                {
                  "title": "can delete all completed tasks",
                  "fullTitle": "example to-do app with a checked task can delete all completed tasks",
                  "timedOut": null,
                  "duration": 682,
                  "state": "passed",
                  "speed": "fast",
                  "pass": true,
                  "fail": false,
                  "pending": false,
                  "context": null,
                  "code": "cy.contains('Clear completed').click();\ncy.get('.todo-list li').should('have.length', 1).should('not.have.text', 'Pay electric bills');\ncy.contains('Clear completed').should('not.exist');",
                  "err": {},
                  "uuid": "04c8331e-2049-4dc2-afe9-2f9e45cbfaec",
                  "parentUUID": "46807ad7-99b7-4660-8aca-c36e7b3ec6d0",
                  "isHook": false,
                  "skipped": false
                }
              ],
              "suites": [],
              "passes": [
                "bfd6f294-3fcb-451a-abd4-677166c55393",
                "6b8f2784-8015-4222-a0e1-2bce477b7cd4",
                "04c8331e-2049-4dc2-afe9-2f9e45cbfaec"
              ],
              "failures": [],
              "pending": [],
              "skipped": [],
              "duration": 2124,
              "root": false,
              "rootEmpty": false,
              "_timeout": 2000
            }
          ],
          "passes": [
            "49d7e7f8-59de-4e9e-bdf7-5fbab627f2a6",
            "5e479c7a-c4fd-4cd2-994f-9a66cf3ed27e",
            "cef24edb-dce9-4b1f-8168-55bef36143b8"
          ],
          "failures": [],
          "pending": [],
          "skipped": [],
          "duration": 3467,
          "root": false,
          "rootEmpty": false,
          "_timeout": 2000
        }
      ],
      "passes": [],
      "failures": [],
      "pending": [],
      "skipped": [],
      "duration": 0,
      "root": true,
      "rootEmpty": true,
      "_timeout": 2000
    }
  ],
  "meta": {
    "mocha": {
      "version": "7.0.1"
    },
    "mochawesome": {
      "options": {
        "quiet": false,
        "reportFilename": "mochawesome-report",
        "saveHtml": false,
        "saveJson": true,
        "consoleReporter": "spec",
        "useInlineDiffs": false,
        "code": true
      },
      "version": "7.1.3"
    },
    "marge": {
      "options": {
        "reportDir": "cypress\\reports\\.jsons\\.jsons",
        "overwrite": false,
        "saveJson": true,
        "html": false,
        "reportFilename": "mochawesome-report",
        "charts": true,
        "embeddedScreenshots": true,
        "inlineAssets": true,
        "saveAllAttempts": false,
        "json": true
      },
      "version": "6.2.0"
    }
  }
}